<?xml version="1.0" encoding="UTF-8"?>
<testng-results ignored="0" total="1" passed="1" failed="0" skipped="0">
  <reporter-output>
  </reporter-output>
  <suite started-at="2023-10-25T15:31:14 IST" name="Default suite" finished-at="2023-10-25T15:31:34 IST" duration-ms="19674">
    <groups>
    </groups>
    <test started-at="2023-10-25T15:31:14 IST" name="Default test" finished-at="2023-10-25T15:31:34 IST" duration-ms="19674">
      <class name="pro.Final">
        <test-method signature="LoadPage()[pri:0, instance:pro.Final@3315d2d7]" started-at="2023-10-25T15:31:14 IST" name="LoadPage" finished-at="2023-10-25T15:31:34 IST" duration-ms="19627" status="PASS">
          <reporter-output>
          </reporter-output>
        </test-method> <!-- LoadPage -->
      </class> <!-- pro.Final -->
    </test> <!-- Default test -->
  </suite> <!-- Default suite -->
</testng-results>
